<?xml version='1.0' encoding='utf-8'?>
<testsuites><properties><property name="polarion-create-defects" value="false" /><property name="polarion-dry-run" value="false" /><property name="polarion-include-skipped" value="true" /><property name="polarion-response-property_key" value="property_value" /><property name="polarion-lookup-method" value="custom" /><property name="polarion-custom-lookup-method-field-id" value="testCaseID" /><property name="polarion-project-id" value="RHEL_IDM" /><property name="polarion-testrun-id" value="test-run-16801779457900436" /><property name="polarion-testrun-status-id" value="finished" /><property name="polarion-user-id" value="idm-jenkins" /></properties><testsuite name="pytest" errors="3" failures="2" skipped="1" tests="9" time="0.043" timestamp="2023-03-30T14:05:45.617438" hostname="pbrezina.my"><testcase classname="tests.test_basic" name="test_success[1]" time="0.001"><properties><property name="polarion-testcase-id" value="tests.test_basic.test_success" /></properties></testcase><testcase classname="tests.test_basic" name="test_success[2]" time="0.000"><properties><property name="polarion-testcase-id" value="tests.test_basic.test_success" /></properties></testcase><testcase classname="tests.test_basic" name="test_failure_assert" time="0.000"><failure message="assert False">&gt;   ???
E   assert False

/home/pbrezina/workspace/pytest-output/tests/test_basic.py:67: AssertionError</failure><properties><property name="polarion-testcase-id" value="tests.test_basic.test_failure_assert" /></properties></testcase><testcase classname="tests.test_basic" name="test_failure_exception" time="0.000"><failure message="ValueError: Error message">&gt;   ???
E   ValueError: Error message

/home/pbrezina/workspace/pytest-output/tests/test_basic.py:91: ValueError</failure><properties><property name="polarion-testcase-id" value="tests.test_basic.test_failure_exception" /></properties></testcase><testcase classname="tests.test_basic" name="test_skipped" time="0.000"><skipped type="pytest.skip" message="Because.">/home/pbrezina/workspace/pytest-output/tests/test_basic.py:94: Because.</skipped><properties><property name="polarion-testcase-id" value="tests.test_basic.test_skipped" /></properties></testcase><testcase classname="tests.test_basic" name="test_error_setup" time="0.000"><error message="failed on setup with &quot;ValueError: error&quot;">&gt;   ???
E   ValueError: error

/home/pbrezina/workspace/pytest-output/tests/test_basic.py:10: ValueError</error><properties><property name="polarion-testcase-id" value="tests.test_basic.test_error_setup" /></properties></testcase><testcase classname="tests.test_basic" name="test_error_teardown" time="0.000"><error message="failed on teardown with &quot;ValueError: error&quot;">&gt;   ???
E   ValueError: error

/home/pbrezina/workspace/pytest-output/tests/test_basic.py:16: ValueError</error><properties><property name="polarion-testcase-id" value="tests.test_basic.test_error_teardown" /></properties></testcase><testcase classname="tests.test_basic" name="test_error_setup_teardown" time="0.000"><error message="failed on setup with &quot;ValueError: error&quot;">&gt;   ???
E   ValueError: error

/home/pbrezina/workspace/pytest-output/tests/test_basic.py:10: ValueError</error><properties><property name="polarion-testcase-id" value="tests.test_basic.test_error_setup_teardown" /></properties></testcase></testsuite></testsuites>